<?xml version="1.0" encoding="UTF-8"?>
<testng-results skipped="0" failed="0" ignored="0" total="1" passed="1">
  <reporter-output>
  </reporter-output>
  <suite name="Default suite" duration-ms="37" started-at="2020-06-06T21:46:59 IST" finished-at="2020-06-06T21:46:59 IST">
    <groups>
    </groups>
    <test name="Default test" duration-ms="37" started-at="2020-06-06T21:46:59 IST" finished-at="2020-06-06T21:46:59 IST">
      <class name="testcases.LoginTest">
        <test-method status="PASS" signature="beforeTest()[pri:0, instance:testcases.LoginTest@5aebe890]" name="beforeTest" is-config="true" duration-ms="6" started-at="2020-06-06T21:46:59 IST" finished-at="2020-06-06T21:46:59 IST">
          <reporter-output>
          </reporter-output>
        </test-method> <!-- beforeTest -->
        <test-method status="PASS" signature="loginTest()[pri:0, instance:testcases.LoginTest@5aebe890]" name="loginTest" duration-ms="9" started-at="2020-06-06T21:46:59 IST" finished-at="2020-06-06T21:46:59 IST">
          <reporter-output>
          </reporter-output>
        </test-method> <!-- loginTest -->
        <test-method status="PASS" signature="afterTest()[pri:0, instance:testcases.LoginTest@5aebe890]" name="afterTest" is-config="true" duration-ms="0" started-at="2020-06-06T21:46:59 IST" finished-at="2020-06-06T21:46:59 IST">
          <reporter-output>
          </reporter-output>
        </test-method> <!-- afterTest -->
      </class> <!-- testcases.LoginTest -->
    </test> <!-- Default test -->
  </suite> <!-- Default suite -->
</testng-results>
